  view.cpp
  vector_3d.cpp
  vector_2d.cpp
  tuple_3d.cpp
  tuple_2d.cpp
  transform_3d.cpp
  split.cpp
  ray_3d.cpp
  quaternion_3d.cpp
  polygon_list_3d.cpp
  polygon_3d.cpp
  point_3d.cpp
  point_2d.cpp
  plane_3d.cpp
  object_3d.cpp
  matrix_3d.cpp
  initapp.cpp
  cube.cpp
  counted_object.cpp
  camera_3d.cpp
  Generating Code...
  Compiling...
  bsptree_3d.cpp
  bspnode_3d.cpp
  bound_3d.cpp
  arcball.cpp
  Generating Code...
arcball.obj : warning LNK4075: ignoring '/EDITANDCONTINUE' due to '/SAFESEH' specification
  Demo.vcxproj -> C:\Users\wadeb\work\brettonw\archive\BSP Tree Demo\.\Debug\Demo.exe
