c:\users\wadeb\work\brettonw\archive\bsp tree demo\debug\vc141.pdb
c:\users\wadeb\work\brettonw\archive\bsp tree demo\debug\vc141.idb
c:\users\wadeb\work\brettonw\archive\bsp tree demo\debug\iterator_3d.obj
c:\users\wadeb\work\brettonw\archive\bsp tree demo\debug\listptr_3d.obj
c:\users\wadeb\work\brettonw\archive\bsp tree demo\debug\matrix_3d.obj
c:\users\wadeb\work\brettonw\archive\bsp tree demo\debug\object_3d.obj
c:\users\wadeb\work\brettonw\archive\bsp tree demo\debug\plane_3d.obj
c:\users\wadeb\work\brettonw\archive\bsp tree demo\debug\point_2d.obj
c:\users\wadeb\work\brettonw\archive\bsp tree demo\debug\point_3d.obj
c:\users\wadeb\work\brettonw\archive\bsp tree demo\debug\polygon_3d.obj
c:\users\wadeb\work\brettonw\archive\bsp tree demo\debug\polylist_3d.obj
c:\users\wadeb\work\brettonw\archive\bsp tree demo\debug\polyptr_3d.obj
c:\users\wadeb\work\brettonw\archive\bsp tree demo\debug\quaternion_3d.obj
c:\users\wadeb\work\brettonw\archive\bsp tree demo\debug\ray_3d.obj
c:\users\wadeb\work\brettonw\archive\bsp tree demo\debug\rcpolygon_3d.obj
c:\users\wadeb\work\brettonw\archive\bsp tree demo\debug\split.obj
c:\users\wadeb\work\brettonw\archive\bsp tree demo\debug\transform_3d.obj
c:\users\wadeb\work\brettonw\archive\bsp tree demo\debug\tuple_2d.obj
c:\users\wadeb\work\brettonw\archive\bsp tree demo\debug\tuple_3d.obj
c:\users\wadeb\work\brettonw\archive\bsp tree demo\debug\vector_2d.obj
c:\users\wadeb\work\brettonw\archive\bsp tree demo\debug\vector_3d.obj
c:\users\wadeb\work\brettonw\archive\bsp tree demo\debug\view.obj
c:\users\wadeb\work\brettonw\archive\bsp tree demo\debug\arcball.obj
c:\users\wadeb\work\brettonw\archive\bsp tree demo\debug\bound_3d.obj
c:\users\wadeb\work\brettonw\archive\bsp tree demo\debug\bspnode_3d.obj
c:\users\wadeb\work\brettonw\archive\bsp tree demo\debug\bsptree_3d.obj
c:\users\wadeb\work\brettonw\archive\bsp tree demo\debug\camera_3d.obj
c:\users\wadeb\work\brettonw\archive\bsp tree demo\debug\cube.obj
c:\users\wadeb\work\brettonw\archive\bsp tree demo\debug\initapp.obj
c:\users\wadeb\work\brettonw\archive\bsp tree demo\debug\demo.exe
c:\users\wadeb\work\brettonw\archive\bsp tree demo\debug\demo.ilk
c:\users\wadeb\work\brettonw\archive\bsp tree demo\debug\demo.pdb
c:\users\wadeb\work\brettonw\archive\bsp tree demo\.\debug\demo.exe
c:\users\wadeb\work\brettonw\archive\bsp tree demo\debug\demo.tlog\cl.command.1.tlog
c:\users\wadeb\work\brettonw\archive\bsp tree demo\debug\demo.tlog\cl.read.1.tlog
c:\users\wadeb\work\brettonw\archive\bsp tree demo\debug\demo.tlog\cl.write.1.tlog
c:\users\wadeb\work\brettonw\archive\bsp tree demo\debug\demo.tlog\link.command.1.tlog
c:\users\wadeb\work\brettonw\archive\bsp tree demo\debug\demo.tlog\link.read.1.tlog
c:\users\wadeb\work\brettonw\archive\bsp tree demo\debug\demo.tlog\link.write.1.tlog
