  One.cpp
  application.cpp
  application_body.cpp
  bits.cpp
  cerr.cpp
  cmd_line_scanner.cpp
  cmd_line_scanner_action.cpp
  command.cpp
  counted_object.cpp
  cpp_scanner.cpp
  cpp_scanner_action.cpp
  cpp_window.cpp
  directory.cpp
  display_tokenizer.cpp
  error_handler.cpp
  error_node.cpp
  graph_of.cpp
  handle.cpp
  handle_to.cpp
  hash_table_of.cpp
  hierarchical_command.cpp
  Generating Code...
  Compiling...
  list_of.cpp
  main.cpp
  priority_queue_of.cpp
  ptr_to.cpp
  raw_text.cpp
  registry.cpp
  resetter_of.cpp
  resizable_vector_of.cpp
  scanner.cpp
  scanner_action.cpp
  scanner_state.cpp
  scanner_state_info.cpp
  scrolling_window.cpp
  sentinel_node.cpp
  stack_of.cpp
  task.cpp
  task_registrar.cpp
  test.cpp
  test_registrar.cpp
  test_reporter.cpp
  Generating Code...
  Compiling...
  text.cpp
  text_scanner.cpp
  text_scanner_action.cpp
  text_scanner_drawing_action.cpp
  text_window.cpp
  token.cpp
  tokenizer.cpp
  window.cpp
  windows_utility.cpp
  winmain.cpp
  Generating Code...
application.obj : warning LNK4075: ignoring '/EDITANDCONTINUE' due to '/SAFESEH' specification
  One.vcxproj -> C:\Users\wadeb\work\brettonw\archive\One\_build\Debug\One.exe
